TRACE::2022-04-06.11:13:00::SCWBifWriter::Found the complete platform E:/vivado_tools_2019.2/Vitis_workspace/system_wrapper/export/system_wrapper/system_wrapper.xpfm
TRACE::2022-04-06.11:13:00::SCWBifWriter::hardware databse : system_wrapper_0
TRACE::2022-04-06.11:13:00::SCWBifWriter::bitstream found in the design
TRACE::2022-04-06.11:13:00::SCWBifWriter::Found a baremetal domain, proc: ps7_cortexa9_0
TRACE::2022-04-06.11:13:00::SCWBifWriter::proc type : 
TRACE::2022-04-06.11:13:00::SCWBifWriter::proc[0] : ps7_cortexa9_0
TRACE::2022-04-06.11:13:00::SCWBifWriter::Device type is : zynq
TRACE::2022-04-06.11:13:00::SCWBifWriter::Writing BIF to file : E:/vivado_tools_2019.2/Vitis_workspace/ecg_Arrhythmia_system/Debug/system.bif
TRACE::2022-04-06.11:13:00::SCWBifWriter::Writing the Zynq Baremetal bif 
TRACE::2022-04-06.13:29:00::SCWBifWriter::Found the complete platform E:/vivado_tools_2019.2/Vitis_workspace/system_wrapper/export/system_wrapper/system_wrapper.xpfm
TRACE::2022-04-06.13:29:01::SCWBifWriter::hardware databse : system_wrapper_0
TRACE::2022-04-06.13:29:01::SCWBifWriter::bitstream found in the design
TRACE::2022-04-06.13:29:01::SCWBifWriter::Found a baremetal domain, proc: ps7_cortexa9_0
TRACE::2022-04-06.13:29:01::SCWBifWriter::proc type : 
TRACE::2022-04-06.13:29:01::SCWBifWriter::proc[0] : ps7_cortexa9_0
TRACE::2022-04-06.13:29:01::SCWBifWriter::Device type is : zynq
TRACE::2022-04-06.13:29:01::SCWBifWriter::Writing BIF to file : E:/vivado_tools_2019.2/Vitis_workspace/ecg_Arrhythmia_system/Debug/system.bif
TRACE::2022-04-06.13:29:01::SCWBifWriter::Writing the Zynq Baremetal bif 
TRACE::2022-04-06.15:38:32::SCWBifWriter::Found the complete platform E:/vivado_tools_2019.2/Vitis_workspace/system_wrapper/export/system_wrapper/system_wrapper.xpfm
TRACE::2022-04-06.15:38:32::SCWBifWriter::hardware databse : system_wrapper_0
TRACE::2022-04-06.15:38:32::SCWBifWriter::bitstream found in the design
TRACE::2022-04-06.15:38:32::SCWBifWriter::Found a baremetal domain, proc: ps7_cortexa9_0
TRACE::2022-04-06.15:38:32::SCWBifWriter::proc type : 
TRACE::2022-04-06.15:38:32::SCWBifWriter::proc[0] : ps7_cortexa9_0
TRACE::2022-04-06.15:38:32::SCWBifWriter::Device type is : zynq
TRACE::2022-04-06.15:38:32::SCWBifWriter::Writing BIF to file : E:/vivado_tools_2019.2/Vitis_workspace/ecg_Arrhythmia_system/Debug/system.bif
TRACE::2022-04-06.15:38:32::SCWBifWriter::Writing the Zynq Baremetal bif 
TRACE::2022-04-07.17:27:11::SCWBifWriter::Found the complete platform E:/vivado_tools_2019.2/Vitis_workspace/system_wrapper/export/system_wrapper/system_wrapper.xpfm
TRACE::2022-04-07.17:27:11::SCWBifWriter::hardware databse : system_wrapper_0
TRACE::2022-04-07.17:27:11::SCWBifWriter::bitstream found in the design
TRACE::2022-04-07.17:27:11::SCWBifWriter::Found a baremetal domain, proc: ps7_cortexa9_0
TRACE::2022-04-07.17:27:11::SCWBifWriter::proc type : 
TRACE::2022-04-07.17:27:11::SCWBifWriter::proc[0] : ps7_cortexa9_0
TRACE::2022-04-07.17:27:11::SCWBifWriter::Device type is : zynq
TRACE::2022-04-07.17:27:11::SCWBifWriter::Writing BIF to file : E:/vivado_tools_2019.2/Vitis_workspace/ecg_Arrhythmia_system/Debug/system.bif
TRACE::2022-04-07.17:27:11::SCWBifWriter::Writing the Zynq Baremetal bif 
TRACE::2022-04-07.22:20:36::SCWBifWriter::Found the complete platform E:/vivado_tools_2019.2/Vitis_workspace/system_wrapper/export/system_wrapper/system_wrapper.xpfm
TRACE::2022-04-07.22:20:36::SCWBifWriter::hardware databse : system_wrapper_0
TRACE::2022-04-07.22:20:36::SCWBifWriter::bitstream found in the design
TRACE::2022-04-07.22:20:36::SCWBifWriter::Found a baremetal domain, proc: ps7_cortexa9_0
TRACE::2022-04-07.22:20:36::SCWBifWriter::proc type : 
TRACE::2022-04-07.22:20:36::SCWBifWriter::proc[0] : ps7_cortexa9_0
TRACE::2022-04-07.22:20:36::SCWBifWriter::Device type is : zynq
TRACE::2022-04-07.22:20:36::SCWBifWriter::Writing BIF to file : E:/vivado_tools_2019.2/Vitis_workspace/ecg_Arrhythmia_system/Debug/system.bif
TRACE::2022-04-07.22:20:36::SCWBifWriter::Writing the Zynq Baremetal bif 
TRACE::2022-04-07.22:23:53::SCWBifWriter::Found the complete platform E:/vivado_tools_2019.2/Vitis_workspace/system_wrapper/export/system_wrapper/system_wrapper.xpfm
TRACE::2022-04-07.22:23:53::SCWBifWriter::hardware databse : system_wrapper_0
TRACE::2022-04-07.22:23:53::SCWBifWriter::bitstream found in the design
TRACE::2022-04-07.22:23:53::SCWBifWriter::Found a baremetal domain, proc: ps7_cortexa9_0
TRACE::2022-04-07.22:23:53::SCWBifWriter::proc type : 
TRACE::2022-04-07.22:23:53::SCWBifWriter::proc[0] : ps7_cortexa9_0
TRACE::2022-04-07.22:23:53::SCWBifWriter::Device type is : zynq
TRACE::2022-04-07.22:23:53::SCWBifWriter::Writing BIF to file : E:/vivado_tools_2019.2/Vitis_workspace/ecg_Arrhythmia_system/Debug/system.bif
TRACE::2022-04-07.22:23:53::SCWBifWriter::Writing the Zynq Baremetal bif 
TRACE::2022-04-07.22:48:45::SCWBifWriter::Found the complete platform E:/vivado_tools_2019.2/Vitis_workspace/system_wrapper/export/system_wrapper/system_wrapper.xpfm
TRACE::2022-04-07.22:48:45::SCWBifWriter::hardware databse : system_wrapper_0
TRACE::2022-04-07.22:48:45::SCWBifWriter::bitstream found in the design
TRACE::2022-04-07.22:48:45::SCWBifWriter::Found a baremetal domain, proc: ps7_cortexa9_0
TRACE::2022-04-07.22:48:45::SCWBifWriter::proc type : 
TRACE::2022-04-07.22:48:45::SCWBifWriter::proc[0] : ps7_cortexa9_0
TRACE::2022-04-07.22:48:45::SCWBifWriter::Device type is : zynq
TRACE::2022-04-07.22:48:45::SCWBifWriter::Writing BIF to file : C:/Users/Epoch/Desktop/ecg_Arrhythmia/Vitis_workspace/ecg_Arrhythmia_system/Debug/system.bif
TRACE::2022-04-07.22:48:45::SCWBifWriter::Writing the Zynq Baremetal bif 
