==============================================================
Vivado(TM) HLS - High-Level Synthesis from C, C++ and SystemC v2019.2 (64-bit)
Copyright 1986-2019 Xilinx, Inc. All Rights Reserved.
==============================================================
INFO: [SYN 201-201] Setting up clock 'default' with a period of 10ns.
INFO: [HLS 200-10] Setting target device to 'xc7z020-clg400-2'
INFO: [SIM 211-2] *************** CSIM start ***************
INFO: [SIM 211-4] CSIM will launch GCC as the compiler.
INFO: [SIM 211-1] CSim done with 0 errors.
INFO: [SIM 211-3] *************** CSIM finish ***************
==============================================================
Vivado(TM) HLS - High-Level Synthesis from C, C++ and SystemC v2019.2 (64-bit)
Copyright 1986-2019 Xilinx, Inc. All Rights Reserved.
==============================================================
INFO: [SYN 201-201] Setting up clock 'default' with a period of 10ns.
INFO: [HLS 200-10] Setting target device to 'xc7z020-clg400-2'
INFO: [SCHED 204-61] Option 'relax_ii_for_timing' is enabled, will increase II to preserve clock frequency constraints.
INFO: [HLS 200-10] Analyzing design file 'FC/fc.cpp' ... 
INFO: [HLS 200-111] Finished Linking Time (s): cpu = 00:00:01 ; elapsed = 00:00:23 . Memory (MB): peak = 186.793 ; gain = 96.504
INFO: [HLS 200-111] Finished Checking Pragmas Time (s): cpu = 00:00:01 ; elapsed = 00:00:23 . Memory (MB): peak = 186.793 ; gain = 96.504
INFO: [HLS 200-10] Starting code transformations ...
INFO: [HLS 200-111] Finished Standard Transforms Time (s): cpu = 00:00:01 ; elapsed = 00:00:24 . Memory (MB): peak = 186.793 ; gain = 96.504
INFO: [HLS 200-10] Checking synthesizability ...
INFO: [HLS 200-111] Finished Checking Synthesizability Time (s): cpu = 00:00:01 ; elapsed = 00:00:24 . Memory (MB): peak = 186.793 ; gain = 96.504
INFO: [HLS 200-489] Unrolling loop 'Loop1' (FC/fc.cpp:11) in function 'fc' completely with a factor of 5.
INFO: [XFORM 203-401] Performing if-conversion on hyperblock from (FC/fc.cpp:14:28) to (FC/fc.cpp:14:23) in function 'fc'... converting 7 basic blocks.
INFO: [XFORM 203-401] Performing if-conversion on hyperblock from (FC/fc.cpp:14:28) to (FC/fc.cpp:14:23) in function 'fc'... converting 7 basic blocks.
INFO: [XFORM 203-401] Performing if-conversion on hyperblock from (FC/fc.cpp:14:28) to (FC/fc.cpp:14:23) in function 'fc'... converting 7 basic blocks.
INFO: [XFORM 203-401] Performing if-conversion on hyperblock from (FC/fc.cpp:14:28) to (FC/fc.cpp:14:23) in function 'fc'... converting 7 basic blocks.
INFO: [XFORM 203-401] Performing if-conversion on hyperblock from (FC/fc.cpp:14:28) to (FC/fc.cpp:14:23) in function 'fc'... converting 7 basic blocks.
INFO: [HLS 200-111] Finished Pre-synthesis Time (s): cpu = 00:00:02 ; elapsed = 00:00:25 . Memory (MB): peak = 186.793 ; gain = 96.504
INFO: [HLS 200-444] Inferring multiple bus burst read of a total cumulative length 4800 on port 'IN' (FC/fc.cpp:17:7) with 5 times. These data requests might be further partitioned to multiple requests during RTL generation, based on max_read_burst_length or max_write_burst_length settings.
INFO: [HLS 200-444] Inferring multiple bus burst read of a total cumulative length 4800 on port 'W' (FC/fc.cpp:17:7) with 5 times. These data requests might be further partitioned to multiple requests during RTL generation, based on max_read_burst_length or max_write_burst_length settings.
INFO: [HLS 200-111] Finished Architecture Synthesis Time (s): cpu = 00:00:02 ; elapsed = 00:00:25 . Memory (MB): peak = 186.793 ; gain = 96.504
INFO: [HLS 200-10] Starting hardware synthesis ...
INFO: [HLS 200-10] Synthesizing 'fc' ...
WARNING: [SYN 201-107] Renaming port name 'fc/IN' to 'fc/IN_r' to avoid the conflict with HDL keywords or other object names.
WARNING: [SYN 201-107] Renaming port name 'fc/OUT' to 'fc/OUT_r' to avoid the conflict with HDL keywords or other object names.
INFO: [HLS 200-10] ----------------------------------------------------------------
INFO: [HLS 200-42] -- Implementing module 'fc' 
INFO: [HLS 200-10] ----------------------------------------------------------------
INFO: [SCHED 204-11] Starting scheduling ...
INFO: [SCHED 204-61] Pipelining loop 'Loop2'.
INFO: [SCHED 204-61] Pipelining result : Target II = 1, Final II = 1, Depth = 4.
INFO: [SCHED 204-61] Pipelining loop 'Loop2'.
INFO: [SCHED 204-61] Pipelining result : Target II = 1, Final II = 1, Depth = 4.
INFO: [SCHED 204-61] Pipelining loop 'Loop2'.
INFO: [SCHED 204-61] Pipelining result : Target II = 1, Final II = 1, Depth = 4.
INFO: [SCHED 204-61] Pipelining loop 'Loop2'.
INFO: [SCHED 204-61] Pipelining result : Target II = 1, Final II = 1, Depth = 4.
INFO: [SCHED 204-61] Pipelining loop 'Loop2'.
INFO: [SCHED 204-61] Pipelining result : Target II = 1, Final II = 1, Depth = 4.
INFO: [SCHED 204-11] Finished scheduling.
INFO: [HLS 200-111]  Elapsed time: 25.648 seconds; current allocated memory: 114.481 MB.
INFO: [BIND 205-100] Starting micro-architecture generation ...
INFO: [BIND 205-101] Performing variable lifetime analysis.
INFO: [BIND 205-101] Exploring resource sharing.
INFO: [BIND 205-101] Binding ...
INFO: [BIND 205-100] Finished micro-architecture generation.
INFO: [HLS 200-111]  Elapsed time: 0.504 seconds; current allocated memory: 116.044 MB.
INFO: [HLS 200-10] ----------------------------------------------------------------
INFO: [HLS 200-10] -- Generating RTL for module 'fc' 
INFO: [HLS 200-10] ----------------------------------------------------------------
INFO: [RTGEN 206-500] Setting interface mode on port 'fc/IN_r' to 'm_axi'.
INFO: [RTGEN 206-500] Setting interface mode on port 'fc/W' to 'm_axi'.
INFO: [RTGEN 206-500] Setting interface mode on port 'fc/B' to 'm_axi'.
INFO: [RTGEN 206-500] Setting interface mode on port 'fc/OUT_r' to 'm_axi'.
INFO: [RTGEN 206-500] Setting interface mode on port 'fc/in_V' to 's_axilite & ap_none'.
INFO: [RTGEN 206-500] Setting interface mode on port 'fc/weight_V' to 's_axilite & ap_none'.
INFO: [RTGEN 206-500] Setting interface mode on port 'fc/bias_V' to 's_axilite & ap_none'.
INFO: [RTGEN 206-500] Setting interface mode on port 'fc/out_V' to 's_axilite & ap_none'.
INFO: [RTGEN 206-500] Setting interface mode on function 'fc' to 's_axilite & ap_ctrl_hs'.
INFO: [RTGEN 206-100] Bundling port 'return', 'in_V', 'weight_V', 'bias_V' and 'out_V' to AXI-Lite port CTRL.
INFO: [SYN 201-210] Renamed object name 'fc_mul_mul_16s_16s_32_1_1' to 'fc_mul_mul_16s_16bkb' due to the length limit 20
INFO: [RTGEN 206-100] Generating core module 'fc_mul_mul_16s_16bkb': 5 instance(s).
INFO: [RTGEN 206-100] Finished creating RTL model for 'fc'.
INFO: [HLS 200-111]  Elapsed time: 0.837 seconds; current allocated memory: 119.884 MB.
INFO: [HLS 200-790] **** Loop Constraint Status: All loop constraints were satisfied.
INFO: [HLS 200-789] **** Estimated Fmax: 114.29 MHz
INFO: [HLS 200-111] Finished generating all RTL models Time (s): cpu = 00:00:06 ; elapsed = 00:00:32 . Memory (MB): peak = 192.113 ; gain = 101.824
INFO: [VHDL 208-304] Generating VHDL RTL for fc.
INFO: [VLOG 209-307] Generating Verilog RTL for fc.
INFO: [HLS 200-112] Total elapsed time: 31.689 seconds; peak allocated memory: 119.884 MB.
